8 tests to run in 1 groups
 ------------------------------------------------------------
 GROUP "tests.data.ObjectStore" has 8 tests to run
     Error: test timeout in testFetchByIdentity
     ERROR IN:  function...
 FAILED test: testFetchByIdentity x ms
     Error: test timeout in testQuery
     ERROR IN:  function...
 FAILED test: testQuery x ms
 PASSED test: testNewItem x ms
 PASSED test: testMemoryQuery x ms
 PASSED test: testMemoryQueryEmpty x ms
 PASSED test: testMemoryQueryWithWildcard x ms
 PASSED test: testMemoryQueryWithEscapedWildcard x ms
 PASSED test: testMemoryQueryWithWildcardCaseInsensitive x ms
 WOOHOO!!
 ------------------------------------------------------------
 | TEST SUMMARY:
 ------------------------------------------------------------
      8 tests in 1 groups
      2 errors
      0 failures
